0 info it worked if it ends with ok
1 verbose cli [ 'C:\\Program Files (x86)\\nodejs\\\\node.exe',
1 verbose cli   'C:\\Program Files (x86)\\nodejs\\node_modules\\npm\\bin\\npm-cli.js',
1 verbose cli   'start' ]
2 info using npm@1.4.3
3 info using node@v0.10.26
4 verbose node symlink C:\Program Files (x86)\nodejs\\node.exe
5 verbose run-script [ 'prestart', 'start', 'poststart' ]
6 info prestart soundworks@0.0.0
7 verbose unsafe-perm in lifecycle true
8 info start soundworks@0.0.0
9 verbose unsafe-perm in lifecycle true
10 info soundworks@0.0.0 Failed to exec start script
11 error soundworks@0.0.0 start: `node main.js`
11 error Exit status 8
12 error Failed at the soundworks@0.0.0 start script.
12 error This is most likely a problem with the soundworks package,
12 error not with npm itself.
12 error Tell the author that this fails on your system:
12 error     node main.js
12 error You can get their info via:
12 error     npm owner ls soundworks
12 error There is likely additional logging output above.
13 error System Windows_NT 6.2.9200
14 error command "C:\\Program Files (x86)\\nodejs\\\\node.exe" "C:\\Program Files (x86)\\nodejs\\node_modules\\npm\\bin\\npm-cli.js" "start"
15 error cwd C:\Dev\soundworks
16 error node -v v0.10.26
17 error npm -v 1.4.3
18 error code ELIFECYCLE
19 verbose exit [ 1, true ]
